#
# A fatal error has been detected by the Java Runtime Environment:
#
#  EXCEPTION_ACCESS_VIOLATION (0xc0000005) at pc=0x00007ffd5d69ddfd, pid=19780, tid=7532
#
# JRE version: OpenJDK Runtime Environment (9.0+11) (build 9.0.4+11)
# Java VM: OpenJDK 64-Bit Server VM (9.0.4+11, mixed mode, tiered, compressed oops, g1 gc, windows-amd64)
# Problematic frame:
# C  [lwjgl_opengl.dll+0xddfd]
#
# No core dump will be written. Minidumps are not enabled by default on client versions of Windows
#
# If you would like to submit a bug report, please visit:
#   http://bugreport.java.com/bugreport/crash.jsp
# The crash happened outside the Java Virtual Machine in native code.
# See problematic frame for where to report the bug.
#

---------------  S U M M A R Y ------------

Command Line: -Djava.library.path=/natives -Dorg.lwjgl.util.Debug=true -Dorg.lwjgl.util.DebugLoader=true -agentlib:jdwp=transport=dt_socket,server=n,suspend=y,address=127.0.0.1:63841 -Dfile.encoding=windows-1252 -Duser.country=US -Duser.language=en -Duser.variant Apiary

Host: Intel(R) Core(TM) i9-10850K CPU @ 3.60GHz, 20 cores, 31G,  Windows 10 , 64 bit Build 19041 (10.0.19041.2364)
Time: Fri Jan 20 16:31:07 2023 Eastern Standard Time elapsed time: 0 seconds (0d 0h 0m 0s)

---------------  T H R E A D  ---------------

Current thread (0x000001373cae4800):  JavaThread "main" [_thread_in_native, id=7532, stack(0x000000278a600000,0x000000278a700000)]

Stack: [0x000000278a600000,0x000000278a700000],  sp=0x000000278a6ff308,  free space=1020k
Native frames: (J=compiled Java code, j=interpreted, Vv=VM code, C=native code)
C  [lwjgl_opengl.dll+0xddfd]

Java frames: (J=compiled Java code, j=interpreted, Vv=VM code)
j  org.lwjgl.opengl.GL15C.nglGenBuffers(IJ)V+0
j  org.lwjgl.opengl.GL15C.glGenBuffers()I+20
j  org.lwjgl.opengl.GL15.glGenBuffers()I+0
j  graphics.SSBO.<init>(Ljava/lang/String;Ljava/util/LinkedHashMap;)V+76
j  Apiary.init()V+328
j  Apiary.run()V+28
j  Apiary.main([Ljava/lang/String;)V+7
v  ~StubRoutines::call_stub

siginfo: EXCEPTION_ACCESS_VIOLATION (0xc0000005), reading address 0x0000000000000d98


Register to memory mapping:

RIP=0x00007ffd5d69ddfd lwjgl_opengl.dll
RAX=0x000001376f6817a0 is an unknown value
RBX={method} {0x0000013776cbb0e0} 'nglGenBuffers' '(IJ)V' in 'org/lwjgl/opengl/GL15C'
RCX=0x0000000000000001 is an unknown value
RDX=0x000001376f6a5a0c is an unknown value
RSP=0x000000278a6ff308 is pointing into the stack for thread: 0x000001373cae4800
RBP=0x000000278a6ff390 is pointing into the stack for thread: 0x000001373cae4800
RSI=0x000001376ec60e60 is pointing into metadata
RDI=0x0000000000000001 is an unknown value
R8 =0x0000000000000001 is an unknown value
R9 =0x000001376f6a5a0c is an unknown value
R10=0x0000000000000000 is an unknown value
R11=0x00000005e0eefeb8 is an oop
java.lang.Class 
{0x00000005e0eefeb8} - klass: 'java/lang/Class'
R12=0x0000000000000000 is an unknown value
R13={method} {0x0000013776cbb0e0} 'nglGenBuffers' '(IJ)V' in 'org/lwjgl/opengl/GL15C'
R14=0x000000278a6ff3c0 is pointing into the stack for thread: 0x000001373cae4800
R15=0x000001373cae4800 is a thread


Registers:
RAX=0x000001376f6817a0, RBX=0x0000013776cbb0d8, RCX=0x0000000000000001, RDX=0x000001376f6a5a0c
RSP=0x000000278a6ff308, RBP=0x000000278a6ff390, RSI=0x000001376ec60e60, RDI=0x0000000000000001
R8 =0x0000000000000001, R9 =0x000001376f6a5a0c, R10=0x0000000000000000, R11=0x00000005e0eefeb8
R12=0x0000000000000000, R13=0x0000013776cbb0d8, R14=0x000000278a6ff3c0, R15=0x000001373cae4800
RIP=0x00007ffd5d69ddfd, EFLAGS=0x0000000000010206

Top of Stack: (sp=0x000000278a6ff308)
0x000000278a6ff308:   0000013746dc1895 0000000000000001
0x000000278a6ff318:   0000013746dc11ec 000001373cae4800
0x000000278a6ff328:   0000013776cbb0d8 000001376ec60e60
0x000000278a6ff338:   000001376ec60e60 0000013746dc1193
0x000000278a6ff348:   000000278a6ff348 0000013776cbb0d8
0x000000278a6ff358:   000000278a6ff3c0 0000013776ce87f8
0x000000278a6ff368:   0000000000000000 00000005e0eefeb8
0x000000278a6ff378:   0000013776cbb0d8 0000000000000000
0x000000278a6ff388:   000000278a6ff3b0 000000278a6ff410
0x000000278a6ff398:   0000013746dab3c3 00000005e0eefeb8
0x000000278a6ff3a8:   0000013746dbc798 000001376f6a5a0c
0x000000278a6ff3b8:   0000000000000000 0000000000000001
0x000000278a6ff3c8:   000000278a6ff3c8 0000013776cbb24c
0x000000278a6ff3d8:   000000278a6ff440 0000013776ce87f8
0x000000278a6ff3e8:   0000000000000000 00000005e0eefeb8
0x000000278a6ff3f8:   0000013776cbb2b8 000000278a6ff3b0 

Instructions: (pc=0x00007ffd5d69ddfd)
0x00007ffd5d69dddd:   49 ff a2 90 0d 00 00 cc cc cc cc cc cc cc cc cc
0x00007ffd5d69dded:   cc cc cc 48 8b 01 49 8b d1 41 8b c8 4c 8b 50 18
0x00007ffd5d69ddfd:   49 ff a2 98 0d 00 00 cc cc cc cc cc cc cc cc cc
0x00007ffd5d69de0d:   cc cc cc 48 8b 01 48 8b 48 18 48 8b 81 a0 0d 00 



---------------  P R O C E S S  ---------------

Java Threads: ( => current thread )
  0x000001376f14d000 JavaThread "Service Thread" daemon [_thread_blocked, id=7676, stack(0x000000278e100000,0x000000278e200000)]
  0x000001376f125800 JavaThread "JDWP Command Reader" daemon [_thread_in_native, id=25396, stack(0x000000278e000000,0x000000278e100000)]
  0x000001376f11e000 JavaThread "JDWP Event Helper Thread" daemon [_thread_blocked, id=8568, stack(0x000000278df00000,0x000000278e000000)]
  0x000001376f133000 JavaThread "JDWP Transport Listener: dt_socket" daemon [_thread_blocked, id=7704, stack(0x000000278de00000,0x000000278df00000)]
  0x000001376ef70800 JavaThread "Common-Cleaner" daemon [_thread_blocked, id=24860, stack(0x000000278dd00000,0x000000278de00000)]
  0x000001376ee95800 JavaThread "Sweeper thread" daemon [_thread_blocked, id=2172, stack(0x000000278dc00000,0x000000278dd00000)]
  0x000001376ee74800 JavaThread "C1 CompilerThread11" daemon [_thread_blocked, id=25364, stack(0x000000278db00000,0x000000278dc00000)]
  0x000001376ee74000 JavaThread "C1 CompilerThread10" daemon [_thread_blocked, id=23328, stack(0x000000278da00000,0x000000278db00000)]
  0x000001376ee67000 JavaThread "C1 CompilerThread9" daemon [_thread_blocked, id=22172, stack(0x000000278d900000,0x000000278da00000)]
  0x000001376ee5e000 JavaThread "C1 CompilerThread8" daemon [_thread_blocked, id=7832, stack(0x000000278d800000,0x000000278d900000)]
  0x000001376ee5d000 JavaThread "C2 CompilerThread7" daemon [_thread_blocked, id=2456, stack(0x000000278d700000,0x000000278d800000)]
  0x000001376ee5c800 JavaThread "C2 CompilerThread6" daemon [_thread_blocked, id=2236, stack(0x000000278d600000,0x000000278d700000)]
  0x000001376ee5b800 JavaThread "C2 CompilerThread5" daemon [_thread_blocked, id=20036, stack(0x000000278d500000,0x000000278d600000)]
  0x000001376ee59000 JavaThread "C2 CompilerThread4" daemon [_thread_blocked, id=7800, stack(0x000000278d400000,0x000000278d500000)]
  0x000001376ee56000 JavaThread "C2 CompilerThread3" daemon [_thread_blocked, id=11900, stack(0x000000278d300000,0x000000278d400000)]
  0x000001376ee55800 JavaThread "C2 CompilerThread2" daemon [_thread_blocked, id=21996, stack(0x000000278d200000,0x000000278d300000)]
  0x000001376ee54800 JavaThread "C2 CompilerThread1" daemon [_thread_blocked, id=17336, stack(0x000000278d100000,0x000000278d200000)]
  0x000001376ee54000 JavaThread "C2 CompilerThread0" daemon [_thread_blocked, id=11872, stack(0x000000278d000000,0x000000278d100000)]
  0x000001376ee4f000 JavaThread "Attach Listener" daemon [_thread_blocked, id=3940, stack(0x000000278cf00000,0x000000278d000000)]
  0x000001376ee4c800 JavaThread "Signal Dispatcher" daemon [_thread_blocked, id=20496, stack(0x000000278ce00000,0x000000278cf00000)]
  0x000001376edea800 JavaThread "Finalizer" daemon [_thread_blocked, id=24940, stack(0x000000278cd00000,0x000000278ce00000)]
  0x000001376ede5800 JavaThread "Reference Handler" daemon [_thread_blocked, id=21872, stack(0x000000278cc00000,0x000000278cd00000)]
=>0x000001373cae4800 JavaThread "main" [_thread_in_native, id=7532, stack(0x000000278a600000,0x000000278a700000)]

Other Threads:
  0x000001376ede4000 VMThread "VM Thread" [stack: 0x000000278cb00000,0x000000278cc00000] [id=17448]
  0x000001376f158000 WatcherThread [stack: 0x000000278e200000,0x000000278e300000] [id=10232]
  0x000001373cafd800 GCTaskThread "GC Thread#0" [stack: 0x000000278a700000,0x000000278a800000] [id=9304]
  0x000001373caff000 GCTaskThread "GC Thread#1" [stack: 0x000000278a800000,0x000000278a900000] [id=24824]
  0x000001373cb00800 GCTaskThread "GC Thread#2" [stack: 0x000000278a900000,0x000000278aa00000] [id=23580]
  0x000001373cb02800 GCTaskThread "GC Thread#3" [stack: 0x000000278aa00000,0x000000278ab00000] [id=9828]
  0x000001373cb08000 GCTaskThread "GC Thread#4" [stack: 0x000000278ab00000,0x000000278ac00000] [id=11176]
  0x000001373cb0b000 GCTaskThread "GC Thread#5" [stack: 0x000000278ac00000,0x000000278ad00000] [id=8808]
  0x000001373cb0c000 GCTaskThread "GC Thread#6" [stack: 0x000000278ad00000,0x000000278ae00000] [id=19740]
  0x000001373cb0d800 GCTaskThread "GC Thread#7" [stack: 0x000000278ae00000,0x000000278af00000] [id=25444]
  0x000001373cb0f800 GCTaskThread "GC Thread#8" [stack: 0x000000278af00000,0x000000278b000000] [id=17712]
  0x000001373cb10800 GCTaskThread "GC Thread#9" [stack: 0x000000278b000000,0x000000278b100000] [id=23704]
  0x000001373cb12800 GCTaskThread "GC Thread#10" [stack: 0x000000278b100000,0x000000278b200000] [id=2744]
  0x000001373cb1a000 GCTaskThread "GC Thread#11" [stack: 0x000000278b200000,0x000000278b300000] [id=17388]
  0x000001373cb1e000 GCTaskThread "GC Thread#12" [stack: 0x000000278b300000,0x000000278b400000] [id=14500]
  0x000001373cb1f000 GCTaskThread "GC Thread#13" [stack: 0x000000278b400000,0x000000278b500000] [id=5508]
  0x000001373cb1e800 GCTaskThread "GC Thread#14" [stack: 0x000000278b500000,0x000000278b600000] [id=21840]
  0x0000013756f98000 ConcurrentGCThread "G1 Main Marker" [stack: 0x000000278c600000,0x000000278c700000] [id=11424]
  0x000001373cb1c800 ConcurrentGCThread "G1 Marker#0" [stack: 0x000000278c700000,0x000000278c800000] [id=26108]
  0x000001373cb19800 ConcurrentGCThread "G1 Marker#1" [stack: 0x000000278c800000,0x000000278c900000] [id=23768]
  0x000001373cb20000 ConcurrentGCThread "G1 Marker#2" [stack: 0x000000278c900000,0x000000278ca00000] [id=17384]
  0x000001373cb20800 ConcurrentGCThread "G1 Marker#3" [stack: 0x000000278ca00000,0x000000278cb00000] [id=14128]
  0x000001373cb4e800 ConcurrentGCThread "G1 Refine#0" [stack: 0x000000278c400000,0x000000278c500000] [id=5168]
  0x000001373cb49000 ConcurrentGCThread "G1 Refine#1" [stack: 0x000000278c300000,0x000000278c400000] [id=2376]
  0x000001373cb4d800 ConcurrentGCThread "G1 Refine#2" [stack: 0x000000278c200000,0x000000278c300000] [id=3428]
  0x000001373cb48800 ConcurrentGCThread "G1 Refine#3" [stack: 0x000000278c100000,0x000000278c200000] [id=6404]
  0x000001373cb4a800 ConcurrentGCThread "G1 Refine#4" [stack: 0x000000278c000000,0x000000278c100000] [id=7772]
  0x000001373cb48000 ConcurrentGCThread "G1 Refine#5" [stack: 0x000000278bf00000,0x000000278c000000] [id=19980]
  0x000001373cb4d000 ConcurrentGCThread "G1 Refine#6" [stack: 0x000000278be00000,0x000000278bf00000] [id=24828]
  0x000001373cb47000 ConcurrentGCThread "G1 Refine#7" [stack: 0x000000278bd00000,0x000000278be00000] [id=8592]
  0x000001373cb3e000 ConcurrentGCThread "G1 Refine#8" [stack: 0x000000278bc00000,0x000000278bd00000] [id=7824]
  0x000001373cb35800 ConcurrentGCThread "G1 Refine#9" [stack: 0x000000278bb00000,0x000000278bc00000] [id=18528]
  0x000001373cb35000 ConcurrentGCThread "G1 Refine#10" [stack: 0x000000278ba00000,0x000000278bb00000] [id=25688]
  0x000001373cb33800 ConcurrentGCThread "G1 Refine#11" [stack: 0x000000278b900000,0x000000278ba00000] [id=15248]
  0x000001373cb32800 ConcurrentGCThread "G1 Refine#12" [stack: 0x000000278b800000,0x000000278b900000] [id=22192]
  0x000001373cb2d000 ConcurrentGCThread "G1 Refine#13" [stack: 0x000000278b700000,0x000000278b800000] [id=25620]
  0x000001373cb28000 ConcurrentGCThread "G1 Refine#14" [stack: 0x000000278b600000,0x000000278b700000] [id=8984]
  0x000001373cb5a800 ConcurrentGCThread "G1 Young RemSet Sampling" [stack: 0x000000278c500000,0x000000278c600000] [id=21860]

Threads with active compile tasks:

VM state:not at safepoint (normal execution)

VM Mutex/Monitor currently owned by a thread: None

Heap address: 0x00000005c1e00000, size: 8162 MB, Compressed Oops mode: Zero based, Oop shift amount: 3
Narrow klass base: 0x0000000000000000, Narrow klass shift: 3
Compressed class space size: 1073741824 Address: 0x00000007c0000000

Heap:
 garbage-first heap   total 524288K, used 14336K [0x00000005c1e00000, 0x00000005c2000800, 0x00000007c0000000)
  region size 2048K, 8 young (16384K), 0 survivors (0K)
 Metaspace       used 9791K, capacity 9968K, committed 10368K, reserved 1058816K
  class space    used 747K, capacity 786K, committed 896K, reserved 1048576K
Heap Regions: E=young(eden), S=young(survivor), O=old, HS=humongous(starts), HC=humongous(continues), CS=collection set, F=free, A=archive, TS=gc time stamp, AC=allocation context, TAMS=top-at-mark-start (previous, next)
|   0|0x00000005c1e00000, 0x00000005c1e00000, 0x00000005c2000000|  0%| F|  |TS  0|AC  0|TAMS 0x00000005c1e00000, 0x00000005c1e00000|
|   1|0x00000005c2000000, 0x00000005c2000000, 0x00000005c2200000|  0%| F|  |TS  0|AC  0|TAMS 0x00000005c2000000, 0x00000005c2000000|
|   2|0x00000005c2200000, 0x00000005c2200000, 0x00000005c2400000|  0%| F|  |TS  0|AC  0|TAMS 0x00000005c2200000, 0x00000005c2200000|
|   3|0x00000005c2400000, 0x00000005c2400000, 0x00000005c2600000|  0%| F|  |TS  0|AC  0|TAMS 0x00000005c2400000, 0x00000005c2400000|
|   4|0x00000005c2600000, 0x00000005c2600000, 0x00000005c2800000|  0%| F|  |TS  0|AC  0|TAMS 0x00000005c2600000, 0x00000005c2600000|
|   5|0x00000005c2800000, 0x00000005c2800000, 0x00000005c2a00000|  0%| F|  |TS  0|AC  0|TAMS 0x00000005c2800000, 0x00000005c2800000|
|   6|0x00000005c2a00000, 0x00000005c2a00000, 0x00000005c2c00000|  0%| F|  |TS  0|AC  0|TAMS 0x00000005c2a00000, 0x00000005c2a00000|
|   7|0x00000005c2c00000, 0x00000005c2c00000, 0x00000005c2e00000|  0%| F|  |TS  0|AC  0|TAMS 0x00000005c2c00000, 0x00000005c2c00000|
|   8|0x00000005c2e00000, 0x00000005c2e00000, 0x00000005c3000000|  0%| F|  |TS  0|AC  0|TAMS 0x00000005c2e00000, 0x00000005c2e00000|
|   9|0x00000005c3000000, 0x00000005c3000000, 0x00000005c3200000|  0%| F|  |TS  0|AC  0|TAMS 0x00000005c3000000, 0x00000005c3000000|
|  10|0x00000005c3200000, 0x00000005c3200000, 0x00000005c3400000|  0%| F|  |TS  0|AC  0|TAMS 0x00000005c3200000, 0x00000005c3200000|
|  11|0x00000005c3400000, 0x00000005c3400000, 0x00000005c3600000|  0%| F|  |TS  0|AC  0|TAMS 0x00000005c3400000, 0x00000005c3400000|
|  12|0x00000005c3600000, 0x00000005c3600000, 0x00000005c3800000|  0%| F|  |TS  0|AC  0|TAMS 0x00000005c3600000, 0x00000005c3600000|
|  13|0x00000005c3800000, 0x00000005c3800000, 0x00000005c3a00000|  0%| F|  |TS  0|AC  0|TAMS 0x00000005c3800000, 0x00000005c3800000|
|  14|0x00000005c3a00000, 0x00000005c3a00000, 0x00000005c3c00000|  0%| F|  |TS  0|AC  0|TAMS 0x00000005c3a00000, 0x00000005c3a00000|
|  15|0x00000005c3c00000, 0x00000005c3c00000, 0x00000005c3e00000|  0%| F|  |TS  0|AC  0|TAMS 0x00000005c3c00000, 0x00000005c3c00000|
|  16|0x00000005c3e00000, 0x00000005c3e00000, 0x00000005c4000000|  0%| F|  |TS  0|AC  0|TAMS 0x00000005c3e00000, 0x00000005c3e00000|
|  17|0x00000005c4000000, 0x00000005c4000000, 0x00000005c4200000|  0%| F|  |TS  0|AC  0|TAMS 0x00000005c4000000, 0x00000005c4000000|
|  18|0x00000005c4200000, 0x00000005c4200000, 0x00000005c4400000|  0%| F|  |TS  0|AC  0|TAMS 0x00000005c4200000, 0x00000005c4200000|
|  19|0x00000005c4400000, 0x00000005c4400000, 0x00000005c4600000|  0%| F|  |TS  0|AC  0|TAMS 0x00000005c4400000, 0x00000005c4400000|
|  20|0x00000005c4600000, 0x00000005c4600000, 0x00000005c4800000|  0%| F|  |TS  0|AC  0|TAMS 0x00000005c4600000, 0x00000005c4600000|
|  21|0x00000005c4800000, 0x00000005c4800000, 0x00000005c4a00000|  0%| F|  |TS  0|AC  0|TAMS 0x00000005c4800000, 0x00000005c4800000|
|  22|0x00000005c4a00000, 0x00000005c4a00000, 0x00000005c4c00000|  0%| F|  |TS  0|AC  0|TAMS 0x00000005c4a00000, 0x00000005c4a00000|
|  23|0x00000005c4c00000, 0x00000005c4c00000, 0x00000005c4e00000|  0%| F|  |TS  0|AC  0|TAMS 0x00000005c4c00000, 0x00000005c4c00000|
|  24|0x00000005c4e00000, 0x00000005c4e00000, 0x00000005c5000000|  0%| F|  |TS  0|AC  0|TAMS 0x00000005c4e00000, 0x00000005c4e00000|
|  25|0x00000005c5000000, 0x00000005c5000000, 0x00000005c5200000|  0%| F|  |TS  0|AC  0|TAMS 0x00000005c5000000, 0x00000005c5000000|
|  26|0x00000005c5200000, 0x00000005c5200000, 0x00000005c5400000|  0%| F|  |TS  0|AC  0|TAMS 0x00000005c5200000, 0x00000005c5200000|
|  27|0x00000005c5400000, 0x00000005c5400000, 0x00000005c5600000|  0%| F|  |TS  0|AC  0|TAMS 0x00000005c5400000, 0x00000005c5400000|
|  28|0x00000005c5600000, 0x00000005c5600000, 0x00000005c5800000|  0%| F|  |TS  0|AC  0|TAMS 0x00000005c5600000, 0x00000005c5600000|
|  29|0x00000005c5800000, 0x00000005c5800000, 0x00000005c5a00000|  0%| F|  |TS  0|AC  0|TAMS 0x00000005c5800000, 0x00000005c5800000|
|  30|0x00000005c5a00000, 0x00000005c5a00000, 0x00000005c5c00000|  0%| F|  |TS  0|AC  0|TAMS 0x00000005c5a00000, 0x00000005c5a00000|
|  31|0x00000005c5c00000, 0x00000005c5c00000, 0x00000005c5e00000|  0%| F|  |TS  0|AC  0|TAMS 0x00000005c5c00000, 0x00000005c5c00000|
|  32|0x00000005c5e00000, 0x00000005c5e00000, 0x00000005c6000000|  0%| F|  |TS  0|AC  0|TAMS 0x00000005c5e00000, 0x00000005c5e00000|
|  33|0x00000005c6000000, 0x00000005c6000000, 0x00000005c6200000|  0%| F|  |TS  0|AC  0|TAMS 0x00000005c6000000, 0x00000005c6000000|
|  34|0x00000005c6200000, 0x00000005c6200000, 0x00000005c6400000|  0%| F|  |TS  0|AC  0|TAMS 0x00000005c6200000, 0x00000005c6200000|
|  35|0x00000005c6400000, 0x00000005c6400000, 0x00000005c6600000|  0%| F|  |TS  0|AC  0|TAMS 0x00000005c6400000, 0x00000005c6400000|
|  36|0x00000005c6600000, 0x00000005c6600000, 0x00000005c6800000|  0%| F|  |TS  0|AC  0|TAMS 0x00000005c6600000, 0x00000005c6600000|
|  37|0x00000005c6800000, 0x00000005c6800000, 0x00000005c6a00000|  0%| F|  |TS  0|AC  0|TAMS 0x00000005c6800000, 0x00000005c6800000|
|  38|0x00000005c6a00000, 0x00000005c6a00000, 0x00000005c6c00000|  0%| F|  |TS  0|AC  0|TAMS 0x00000005c6a00000, 0x00000005c6a00000|
|  39|0x00000005c6c00000, 0x00000005c6c00000, 0x00000005c6e00000|  0%| F|  |TS  0|AC  0|TAMS 0x00000005c6c00000, 0x00000005c6c00000|
|  40|0x00000005c6e00000, 0x00000005c6e00000, 0x00000005c7000000|  0%| F|  |TS  0|AC  0|TAMS 0x00000005c6e00000, 0x00000005c6e00000|
|  41|0x00000005c7000000, 0x00000005c7000000, 0x00000005c7200000|  0%| F|  |TS  0|AC  0|TAMS 0x00000005c7000000, 0x00000005c7000000|
|  42|0x00000005c7200000, 0x00000005c7200000, 0x00000005c7400000|  0%| F|  |TS  0|AC  0|TAMS 0x00000005c7200000, 0x00000005c7200000|
|  43|0x00000005c7400000, 0x00000005c7400000, 0x00000005c7600000|  0%| F|  |TS  0|AC  0|TAMS 0x00000005c7400000, 0x00000005c7400000|
|  44|0x00000005c7600000, 0x00000005c7600000, 0x00000005c7800000|  0%| F|  |TS  0|AC  0|TAMS 0x00000005c7600000, 0x00000005c7600000|
|  45|0x00000005c7800000, 0x00000005c7800000, 0x00000005c7a00000|  0%| F|  |TS  0|AC  0|TAMS 0x00000005c7800000, 0x00000005c7800000|
|  46|0x00000005c7a00000, 0x00000005c7a00000, 0x00000005c7c00000|  0%| F|  |TS  0|AC  0|TAMS 0x00000005c7a00000, 0x00000005c7a00000|
|  47|0x00000005c7c00000, 0x00000005c7c00000, 0x00000005c7e00000|  0%| F|  |TS  0|AC  0|TAMS 0x00000005c7c00000, 0x00000005c7c00000|
|  48|0x00000005c7e00000, 0x00000005c7e00000, 0x00000005c8000000|  0%| F|  |TS  0|AC  0|TAMS 0x00000005c7e00000, 0x00000005c7e00000|
|  49|0x00000005c8000000, 0x00000005c8000000, 0x00000005c8200000|  0%| F|  |TS  0|AC  0|TAMS 0x00000005c8000000, 0x00000005c8000000|
|  50|0x00000005c8200000, 0x00000005c8200000, 0x00000005c8400000|  0%| F|  |TS  0|AC  0|TAMS 0x00000005c8200000, 0x00000005c8200000|
|  51|0x00000005c8400000, 0x00000005c8400000, 0x00000005c8600000|  0%| F|  |TS  0|AC  0|TAMS 0x00000005c8400000, 0x00000005c8400000|
|  52|0x00000005c8600000, 0x00000005c8600000, 0x00000005c8800000|  0%| F|  |TS  0|AC  0|TAMS 0x00000005c8600000, 0x00000005c8600000|
|  53|0x00000005c8800000, 0x00000005c8800000, 0x00000005c8a00000|  0%| F|  |TS  0|AC  0|TAMS 0x00000005c8800000, 0x00000005c8800000|
|  54|0x00000005c8a00000, 0x00000005c8a00000, 0x00000005c8c00000|  0%| F|  |TS  0|AC  0|TAMS 0x00000005c8a00000, 0x00000005c8a00000|
|  55|0x00000005c8c00000, 0x00000005c8c00000, 0x00000005c8e00000|  0%| F|  |TS  0|AC  0|TAMS 0x00000005c8c00000, 0x00000005c8c00000|
|  56|0x00000005c8e00000, 0x00000005c8e00000, 0x00000005c9000000|  0%| F|  |TS  0|AC  0|TAMS 0x00000005c8e00000, 0x00000005c8e00000|
|  57|0x00000005c9000000, 0x00000005c9000000, 0x00000005c9200000|  0%| F|  |TS  0|AC  0|TAMS 0x00000005c9000000, 0x00000005c9000000|
|  58|0x00000005c9200000, 0x00000005c9200000, 0x00000005c9400000|  0%| F|  |TS  0|AC  0|TAMS 0x00000005c9200000, 0x00000005c9200000|
|  59|0x00000005c9400000, 0x00000005c9400000, 0x00000005c9600000|  0%| F|  |TS  0|AC  0|TAMS 0x00000005c9400000, 0x00000005c9400000|
|  60|0x00000005c9600000, 0x00000005c9600000, 0x00000005c9800000|  0%| F|  |TS  0|AC  0|TAMS 0x00000005c9600000, 0x00000005c9600000|
|  61|0x00000005c9800000, 0x00000005c9800000, 0x00000005c9a00000|  0%| F|  |TS  0|AC  0|TAMS 0x00000005c9800000, 0x00000005c9800000|
|  62|0x00000005c9a00000, 0x00000005c9a00000, 0x00000005c9c00000|  0%| F|  |TS  0|AC  0|TAMS 0x00000005c9a00000, 0x00000005c9a00000|
|  63|0x00000005c9c00000, 0x00000005c9c00000, 0x00000005c9e00000|  0%| F|  |TS  0|AC  0|TAMS 0x00000005c9c00000, 0x00000005c9c00000|
|  64|0x00000005c9e00000, 0x00000005c9e00000, 0x00000005ca000000|  0%| F|  |TS  0|AC  0|TAMS 0x00000005c9e00000, 0x00000005c9e00000|
|  65|0x00000005ca000000, 0x00000005ca000000, 0x00000005ca200000|  0%| F|  |TS  0|AC  0|TAMS 0x00000005ca000000, 0x00000005ca000000|
|  66|0x00000005ca200000, 0x00000005ca200000, 0x00000005ca400000|  0%| F|  |TS  0|AC  0|TAMS 0x00000005ca200000, 0x00000005ca200000|
|  67|0x00000005ca400000, 0x00000005ca400000, 0x00000005ca600000|  0%| F|  |TS  0|AC  0|TAMS 0x00000005ca400000, 0x00000005ca400000|
|  68|0x00000005ca600000, 0x00000005ca600000, 0x00000005ca800000|  0%| F|  |TS  0|AC  0|TAMS 0x00000005ca600000, 0x00000005ca600000|
|  69|0x00000005ca800000, 0x00000005ca800000, 0x00000005caa00000|  0%| F|  |TS  0|AC  0|TAMS 0x00000005ca800000, 0x00000005ca800000|
|  70|0x00000005caa00000, 0x00000005caa00000, 0x00000005cac00000|  0%| F|  |TS  0|AC  0|TAMS 0x00000005caa00000, 0x00000005caa00000|
|  71|0x00000005cac00000, 0x00000005cac00000, 0x00000005cae00000|  0%| F|  |TS  0|AC  0|TAMS 0x00000005cac00000, 0x00000005cac00000|
|  72|0x00000005cae00000, 0x00000005cae00000, 0x00000005cb000000|  0%| F|  |TS  0|AC  0|TAMS 0x00000005cae00000, 0x00000005cae00000|
|  73|0x00000005cb000000, 0x00000005cb000000, 0x00000005cb200000|  0%| F|  |TS  0|AC  0|TAMS 0x00000005cb000000, 0x00000005cb000000|
|  74|0x00000005cb200000, 0x00000005cb200000, 0x00000005cb400000|  0%| F|  |TS  0|AC  0|TAMS 0x00000005cb200000, 0x00000005cb200000|
|  75|0x00000005cb400000, 0x00000005cb400000, 0x00000005cb600000|  0%| F|  |TS  0|AC  0|TAMS 0x00000005cb400000, 0x00000005cb400000|
|  76|0x00000005cb600000, 0x00000005cb600000, 0x00000005cb800000|  0%| F|  |TS  0|AC  0|TAMS 0x00000005cb600000, 0x00000005cb600000|
|  77|0x00000005cb800000, 0x00000005cb800000, 0x00000005cba00000|  0%| F|  |TS  0|AC  0|TAMS 0x00000005cb800000, 0x00000005cb800000|
|  78|0x00000005cba00000, 0x00000005cba00000, 0x00000005cbc00000|  0%| F|  |TS  0|AC  0|TAMS 0x00000005cba00000, 0x00000005cba00000|
|  79|0x00000005cbc00000, 0x00000005cbc00000, 0x00000005cbe00000|  0%| F|  |TS  0|AC  0|TAMS 0x00000005cbc00000, 0x00000005cbc00000|
|  80|0x00000005cbe00000, 0x00000005cbe00000, 0x00000005cc000000|  0%| F|  |TS  0|AC  0|TAMS 0x00000005cbe00000, 0x00000005cbe00000|
|  81|0x00000005cc000000, 0x00000005cc000000, 0x00000005cc200000|  0%| F|  |TS  0|AC  0|TAMS 0x00000005cc000000, 0x00000005cc000000|
|  82|0x00000005cc200000, 0x00000005cc200000, 0x00000005cc400000|  0%| F|  |TS  0|AC  0|TAMS 0x00000005cc200000, 0x00000005cc200000|
|  83|0x00000005cc400000, 0x00000005cc400000, 0x00000005cc600000|  0%| F|  |TS  0|AC  0|TAMS 0x00000005cc400000, 0x00000005cc400000|
|  84|0x00000005cc600000, 0x00000005cc600000, 0x00000005cc800000|  0%| F|  |TS  0|AC  0|TAMS 0x00000005cc600000, 0x00000005cc600000|
|  85|0x00000005cc800000, 0x00000005cc800000, 0x00000005cca00000|  0%| F|  |TS  0|AC  0|TAMS 0x00000005cc800000, 0x00000005cc800000|
|  86|0x00000005cca00000, 0x00000005cca00000, 0x00000005ccc00000|  0%| F|  |TS  0|AC  0|TAMS 0x00000005cca00000, 0x00000005cca00000|
|  87|0x00000005ccc00000, 0x00000005ccc00000, 0x00000005cce00000|  0%| F|  |TS  0|AC  0|TAMS 0x00000005ccc00000, 0x00000005ccc00000|
|  88|0x00000005cce00000, 0x00000005cce00000, 0x00000005cd000000|  0%| F|  |TS  0|AC  0|TAMS 0x00000005cce00000, 0x00000005cce00000|
|  89|0x00000005cd000000, 0x00000005cd000000, 0x00000005cd200000|  0%| F|  |TS  0|AC  0|TAMS 0x00000005cd000000, 0x00000005cd000000|
|  90|0x00000005cd200000, 0x00000005cd200000, 0x00000005cd400000|  0%| F|  |TS  0|AC  0|TAMS 0x00000005cd200000, 0x00000005cd200000|
|  91|0x00000005cd400000, 0x00000005cd400000, 0x00000005cd600000|  0%| F|  |TS  0|AC  0|TAMS 0x00000005cd400000, 0x00000005cd400000|
|  92|0x00000005cd600000, 0x00000005cd600000, 0x00000005cd800000|  0%| F|  |TS  0|AC  0|TAMS 0x00000005cd600000, 0x00000005cd600000|
|  93|0x00000005cd800000, 0x00000005cd800000, 0x00000005cda00000|  0%| F|  |TS  0|AC  0|TAMS 0x00000005cd800000, 0x00000005cd800000|
|  94|0x00000005cda00000, 0x00000005cda00000, 0x00000005cdc00000|  0%| F|  |TS  0|AC  0|TAMS 0x00000005cda00000, 0x00000005cda00000|
|  95|0x00000005cdc00000, 0x00000005cdc00000, 0x00000005cde00000|  0%| F|  |TS  0|AC  0|TAMS 0x00000005cdc00000, 0x00000005cdc00000|
|  96|0x00000005cde00000, 0x00000005cde00000, 0x00000005ce000000|  0%| F|  |TS  0|AC  0|TAMS 0x00000005cde00000, 0x00000005cde00000|
|  97|0x00000005ce000000, 0x00000005ce000000, 0x00000005ce200000|  0%| F|  |TS  0|AC  0|TAMS 0x00000005ce000000, 0x00000005ce000000|
|  98|0x00000005ce200000, 0x00000005ce200000, 0x00000005ce400000|  0%| F|  |TS  0|AC  0|TAMS 0x00000005ce200000, 0x00000005ce200000|
|  99|0x00000005ce400000, 0x00000005ce400000, 0x00000005ce600000|  0%| F|  |TS  0|AC  0|TAMS 0x00000005ce400000, 0x00000005ce400000|
| 100|0x00000005ce600000, 0x00000005ce600000, 0x00000005ce800000|  0%| F|  |TS  0|AC  0|TAMS 0x00000005ce600000, 0x00000005ce600000|
| 101|0x00000005ce800000, 0x00000005ce800000, 0x00000005cea00000|  0%| F|  |TS  0|AC  0|TAMS 0x00000005ce800000, 0x00000005ce800000|
| 102|0x00000005cea00000, 0x00000005cea00000, 0x00000005cec00000|  0%| F|  |TS  0|AC  0|TAMS 0x00000005cea00000, 0x00000005cea00000|
| 103|0x00000005cec00000, 0x00000005cec00000, 0x00000005cee00000|  0%| F|  |TS  0|AC  0|TAMS 0x00000005cec00000, 0x00000005cec00000|
| 104|0x00000005cee00000, 0x00000005cee00000, 0x00000005cf000000|  0%| F|  |TS  0|AC  0|TAMS 0x00000005cee00000, 0x00000005cee00000|
| 105|0x00000005cf000000, 0x00000005cf000000, 0x00000005cf200000|  0%| F|  |TS  0|AC  0|TAMS 0x00000005cf000000, 0x00000005cf000000|
| 106|0x00000005cf200000, 0x00000005cf200000, 0x00000005cf400000|  0%| F|  |TS  0|AC  0|TAMS 0x00000005cf200000, 0x00000005cf200000|
| 107|0x00000005cf400000, 0x00000005cf400000, 0x00000005cf600000|  0%| F|  |TS  0|AC  0|TAMS 0x00000005cf400000, 0x00000005cf400000|
| 108|0x00000005cf600000, 0x00000005cf600000, 0x00000005cf800000|  0%| F|  |TS  0|AC  0|TAMS 0x00000005cf600000, 0x00000005cf600000|
| 109|0x00000005cf800000, 0x00000005cf800000, 0x00000005cfa00000|  0%| F|  |TS  0|AC  0|TAMS 0x00000005cf800000, 0x00000005cf800000|
| 110|0x00000005cfa00000, 0x00000005cfa00000, 0x00000005cfc00000|  0%| F|  |TS  0|AC  0|TAMS 0x00000005cfa00000, 0x00000005cfa00000|
| 111|0x00000005cfc00000, 0x00000005cfc00000, 0x00000005cfe00000|  0%| F|  |TS  0|AC  0|TAMS 0x00000005cfc00000, 0x00000005cfc00000|
| 112|0x00000005cfe00000, 0x00000005cfe00000, 0x00000005d0000000|  0%| F|  |TS  0|AC  0|TAMS 0x00000005cfe00000, 0x00000005cfe00000|
| 113|0x00000005d0000000, 0x00000005d0000000, 0x00000005d0200000|  0%| F|  |TS  0|AC  0|TAMS 0x00000005d0000000, 0x00000005d0000000|
| 114|0x00000005d0200000, 0x00000005d0200000, 0x00000005d0400000|  0%| F|  |TS  0|AC  0|TAMS 0x00000005d0200000, 0x00000005d0200000|
| 115|0x00000005d0400000, 0x00000005d0400000, 0x00000005d0600000|  0%| F|  |TS  0|AC  0|TAMS 0x00000005d0400000, 0x00000005d0400000|
| 116|0x00000005d0600000, 0x00000005d0600000, 0x00000005d0800000|  0%| F|  |TS  0|AC  0|TAMS 0x00000005d0600000, 0x00000005d0600000|
| 117|0x00000005d0800000, 0x00000005d0800000, 0x00000005d0a00000|  0%| F|  |TS  0|AC  0|TAMS 0x00000005d0800000, 0x00000005d0800000|
| 118|0x00000005d0a00000, 0x00000005d0a00000, 0x00000005d0c00000|  0%| F|  |TS  0|AC  0|TAMS 0x00000005d0a00000, 0x00000005d0a00000|
| 119|0x00000005d0c00000, 0x00000005d0c00000, 0x00000005d0e00000|  0%| F|  |TS  0|AC  0|TAMS 0x00000005d0c00000, 0x00000005d0c00000|
| 120|0x00000005d0e00000, 0x00000005d0e00000, 0x00000005d1000000|  0%| F|  |TS  0|AC  0|TAMS 0x00000005d0e00000, 0x00000005d0e00000|
| 121|0x00000005d1000000, 0x00000005d1000000, 0x00000005d1200000|  0%| F|  |TS  0|AC  0|TAMS 0x00000005d1000000, 0x00000005d1000000|
| 122|0x00000005d1200000, 0x00000005d1200000, 0x00000005d1400000|  0%| F|  |TS  0|AC  0|TAMS 0x00000005d1200000, 0x00000005d1200000|
| 123|0x00000005d1400000, 0x00000005d1400000, 0x00000005d1600000|  0%| F|  |TS  0|AC  0|TAMS 0x00000005d1400000, 0x00000005d1400000|
| 124|0x00000005d1600000, 0x00000005d1600000, 0x00000005d1800000|  0%| F|  |TS  0|AC  0|TAMS 0x00000005d1600000, 0x00000005d1600000|
| 125|0x00000005d1800000, 0x00000005d1800000, 0x00000005d1a00000|  0%| F|  |TS  0|AC  0|TAMS 0x00000005d1800000, 0x00000005d1800000|
| 126|0x00000005d1a00000, 0x00000005d1a00000, 0x00000005d1c00000|  0%| F|  |TS  0|AC  0|TAMS 0x00000005d1a00000, 0x00000005d1a00000|
| 127|0x00000005d1c00000, 0x00000005d1c00000, 0x00000005d1e00000|  0%| F|  |TS  0|AC  0|TAMS 0x00000005d1c00000, 0x00000005d1c00000|
| 128|0x00000005d1e00000, 0x00000005d1e00000, 0x00000005d2000000|  0%| F|  |TS  0|AC  0|TAMS 0x00000005d1e00000, 0x00000005d1e00000|
| 129|0x00000005d2000000, 0x00000005d2000000, 0x00000005d2200000|  0%| F|  |TS  0|AC  0|TAMS 0x00000005d2000000, 0x00000005d2000000|
| 130|0x00000005d2200000, 0x00000005d2200000, 0x00000005d2400000|  0%| F|  |TS  0|AC  0|TAMS 0x00000005d2200000, 0x00000005d2200000|
| 131|0x00000005d2400000, 0x00000005d2400000, 0x00000005d2600000|  0%| F|  |TS  0|AC  0|TAMS 0x00000005d2400000, 0x00000005d2400000|
| 132|0x00000005d2600000, 0x00000005d2600000, 0x00000005d2800000|  0%| F|  |TS  0|AC  0|TAMS 0x00000005d2600000, 0x00000005d2600000|
| 133|0x00000005d2800000, 0x00000005d2800000, 0x00000005d2a00000|  0%| F|  |TS  0|AC  0|TAMS 0x00000005d2800000, 0x00000005d2800000|
| 134|0x00000005d2a00000, 0x00000005d2a00000, 0x00000005d2c00000|  0%| F|  |TS  0|AC  0|TAMS 0x00000005d2a00000, 0x00000005d2a00000|
| 135|0x00000005d2c00000, 0x00000005d2c00000, 0x00000005d2e00000|  0%| F|  |TS  0|AC  0|TAMS 0x00000005d2c00000, 0x00000005d2c00000|
| 136|0x00000005d2e00000, 0x00000005d2e00000, 0x00000005d3000000|  0%| F|  |TS  0|AC  0|TAMS 0x00000005d2e00000, 0x00000005d2e00000|
| 137|0x00000005d3000000, 0x00000005d3000000, 0x00000005d3200000|  0%| F|  |TS  0|AC  0|TAMS 0x00000005d3000000, 0x00000005d3000000|
| 138|0x00000005d3200000, 0x00000005d3200000, 0x00000005d3400000|  0%| F|  |TS  0|AC  0|TAMS 0x00000005d3200000, 0x00000005d3200000|
| 139|0x00000005d3400000, 0x00000005d3400000, 0x00000005d3600000|  0%| F|  |TS  0|AC  0|TAMS 0x00000005d3400000, 0x00000005d3400000|
| 140|0x00000005d3600000, 0x00000005d3600000, 0x00000005d3800000|  0%| F|  |TS  0|AC  0|TAMS 0x00000005d3600000, 0x00000005d3600000|
| 141|0x00000005d3800000, 0x00000005d3800000, 0x00000005d3a00000|  0%| F|  |TS  0|AC  0|TAMS 0x00000005d3800000, 0x00000005d3800000|
| 142|0x00000005d3a00000, 0x00000005d3a00000, 0x00000005d3c00000|  0%| F|  |TS  0|AC  0|TAMS 0x00000005d3a00000, 0x00000005d3a00000|
| 143|0x00000005d3c00000, 0x00000005d3c00000, 0x00000005d3e00000|  0%| F|  |TS  0|AC  0|TAMS 0x00000005d3c00000, 0x00000005d3c00000|
| 144|0x00000005d3e00000, 0x00000005d3e00000, 0x00000005d4000000|  0%| F|  |TS  0|AC  0|TAMS 0x00000005d3e00000, 0x00000005d3e00000|
| 145|0x00000005d4000000, 0x00000005d4000000, 0x00000005d4200000|  0%| F|  |TS  0|AC  0|TAMS 0x00000005d4000000, 0x00000005d4000000|
| 146|0x00000005d4200000, 0x00000005d4200000, 0x00000005d4400000|  0%| F|  |TS  0|AC  0|TAMS 0x00000005d4200000, 0x00000005d4200000|
| 147|0x00000005d4400000, 0x00000005d4400000, 0x00000005d4600000|  0%| F|  |TS  0|AC  0|TAMS 0x00000005d4400000, 0x00000005d4400000|
| 148|0x00000005d4600000, 0x00000005d4600000, 0x00000005d4800000|  0%| F|  |TS  0|AC  0|TAMS 0x00000005d4600000, 0x00000005d4600000|
| 149|0x00000005d4800000, 0x00000005d4800000, 0x00000005d4a00000|  0%| F|  |TS  0|AC  0|TAMS 0x00000005d4800000, 0x00000005d4800000|
| 150|0x00000005d4a00000, 0x00000005d4a00000, 0x00000005d4c00000|  0%| F|  |TS  0|AC  0|TAMS 0x00000005d4a00000, 0x00000005d4a00000|
| 151|0x00000005d4c00000, 0x00000005d4c00000, 0x00000005d4e00000|  0%| F|  |TS  0|AC  0|TAMS 0x00000005d4c00000, 0x00000005d4c00000|
| 152|0x00000005d4e00000, 0x00000005d4e00000, 0x00000005d5000000|  0%| F|  |TS  0|AC  0|TAMS 0x00000005d4e00000, 0x00000005d4e00000|
| 153|0x00000005d5000000, 0x00000005d5000000, 0x00000005d5200000|  0%| F|  |TS  0|AC  0|TAMS 0x00000005d5000000, 0x00000005d5000000|
| 154|0x00000005d5200000, 0x00000005d5200000, 0x00000005d5400000|  0%| F|  |TS  0|AC  0|TAMS 0x00000005d5200000, 0x00000005d5200000|
| 155|0x00000005d5400000, 0x00000005d5400000, 0x00000005d5600000|  0%| F|  |TS  0|AC  0|TAMS 0x00000005d5400000, 0x00000005d5400000|
| 156|0x00000005d5600000, 0x00000005d5600000, 0x00000005d5800000|  0%| F|  |TS  0|AC  0|TAMS 0x00000005d5600000, 0x00000005d5600000|
| 157|0x00000005d5800000, 0x00000005d5800000, 0x00000005d5a00000|  0%| F|  |TS  0|AC  0|TAMS 0x00000005d5800000, 0x00000005d5800000|
| 158|0x00000005d5a00000, 0x00000005d5a00000, 0x00000005d5c00000|  0%| F|  |TS  0|AC  0|TAMS 0x00000005d5a00000, 0x00000005d5a00000|
| 159|0x00000005d5c00000, 0x00000005d5c00000, 0x00000005d5e00000|  0%| F|  |TS  0|AC  0|TAMS 0x00000005d5c00000, 0x00000005d5c00000|
| 160|0x00000005d5e00000, 0x00000005d5e00000, 0x00000005d6000000|  0%| F|  |TS  0|AC  0|TAMS 0x00000005d5e00000, 0x00000005d5e00000|
| 161|0x00000005d6000000, 0x00000005d6000000, 0x00000005d6200000|  0%| F|  |TS  0|AC  0|TAMS 0x00000005d6000000, 0x00000005d6000000|
| 162|0x00000005d6200000, 0x00000005d6200000, 0x00000005d6400000|  0%| F|  |TS  0|AC  0|TAMS 0x00000005d6200000, 0x00000005d6200000|
| 163|0x00000005d6400000, 0x00000005d6400000, 0x00000005d6600000|  0%| F|  |TS  0|AC  0|TAMS 0x00000005d6400000, 0x00000005d6400000|
| 164|0x00000005d6600000, 0x00000005d6600000, 0x00000005d6800000|  0%| F|  |TS  0|AC  0|TAMS 0x00000005d6600000, 0x00000005d6600000|
| 165|0x00000005d6800000, 0x00000005d6800000, 0x00000005d6a00000|  0%| F|  |TS  0|AC  0|TAMS 0x00000005d6800000, 0x00000005d6800000|
| 166|0x00000005d6a00000, 0x00000005d6a00000, 0x00000005d6c00000|  0%| F|  |TS  0|AC  0|TAMS 0x00000005d6a00000, 0x00000005d6a00000|
| 167|0x00000005d6c00000, 0x00000005d6c00000, 0x00000005d6e00000|  0%| F|  |TS  0|AC  0|TAMS 0x00000005d6c00000, 0x00000005d6c00000|
| 168|0x00000005d6e00000, 0x00000005d6e00000, 0x00000005d7000000|  0%| F|  |TS  0|AC  0|TAMS 0x00000005d6e00000, 0x00000005d6e00000|
| 169|0x00000005d7000000, 0x00000005d7000000, 0x00000005d7200000|  0%| F|  |TS  0|AC  0|TAMS 0x00000005d7000000, 0x00000005d7000000|
| 170|0x00000005d7200000, 0x00000005d7200000, 0x00000005d7400000|  0%| F|  |TS  0|AC  0|TAMS 0x00000005d7200000, 0x00000005d7200000|
| 171|0x00000005d7400000, 0x00000005d7400000, 0x00000005d7600000|  0%| F|  |TS  0|AC  0|TAMS 0x00000005d7400000, 0x00000005d7400000|
| 172|0x00000005d7600000, 0x00000005d7600000, 0x00000005d7800000|  0%| F|  |TS  0|AC  0|TAMS 0x00000005d7600000, 0x00000005d7600000|
| 173|0x00000005d7800000, 0x00000005d7800000, 0x00000005d7a00000|  0%| F|  |TS  0|AC  0|TAMS 0x00000005d7800000, 0x00000005d7800000|
| 174|0x00000005d7a00000, 0x00000005d7a00000, 0x00000005d7c00000|  0%| F|  |TS  0|AC  0|TAMS 0x00000005d7a00000, 0x00000005d7a00000|
| 175|0x00000005d7c00000, 0x00000005d7c00000, 0x00000005d7e00000|  0%| F|  |TS  0|AC  0|TAMS 0x00000005d7c00000, 0x00000005d7c00000|
| 176|0x00000005d7e00000, 0x00000005d7e00000, 0x00000005d8000000|  0%| F|  |TS  0|AC  0|TAMS 0x00000005d7e00000, 0x00000005d7e00000|
| 177|0x00000005d8000000, 0x00000005d8000000, 0x00000005d8200000|  0%| F|  |TS  0|AC  0|TAMS 0x00000005d8000000, 0x00000005d8000000|
| 178|0x00000005d8200000, 0x00000005d8200000, 0x00000005d8400000|  0%| F|  |TS  0|AC  0|TAMS 0x00000005d8200000, 0x00000005d8200000|
| 179|0x00000005d8400000, 0x00000005d8400000, 0x00000005d8600000|  0%| F|  |TS  0|AC  0|TAMS 0x00000005d8400000, 0x00000005d8400000|
| 180|0x00000005d8600000, 0x00000005d8600000, 0x00000005d8800000|  0%| F|  |TS  0|AC  0|TAMS 0x00000005d8600000, 0x00000005d8600000|
| 181|0x00000005d8800000, 0x00000005d8800000, 0x00000005d8a00000|  0%| F|  |TS  0|AC  0|TAMS 0x00000005d8800000, 0x00000005d8800000|
| 182|0x00000005d8a00000, 0x00000005d8a00000, 0x00000005d8c00000|  0%| F|  |TS  0|AC  0|TAMS 0x00000005d8a00000, 0x00000005d8a00000|
| 183|0x00000005d8c00000, 0x00000005d8c00000, 0x00000005d8e00000|  0%| F|  |TS  0|AC  0|TAMS 0x00000005d8c00000, 0x00000005d8c00000|
| 184|0x00000005d8e00000, 0x00000005d8e00000, 0x00000005d9000000|  0%| F|  |TS  0|AC  0|TAMS 0x00000005d8e00000, 0x00000005d8e00000|
| 185|0x00000005d9000000, 0x00000005d9000000, 0x00000005d9200000|  0%| F|  |TS  0|AC  0|TAMS 0x00000005d9000000, 0x00000005d9000000|
| 186|0x00000005d9200000, 0x00000005d9200000, 0x00000005d9400000|  0%| F|  |TS  0|AC  0|TAMS 0x00000005d9200000, 0x00000005d9200000|
| 187|0x00000005d9400000, 0x00000005d9400000, 0x00000005d9600000|  0%| F|  |TS  0|AC  0|TAMS 0x00000005d9400000, 0x00000005d9400000|
| 188|0x00000005d9600000, 0x00000005d9600000, 0x00000005d9800000|  0%| F|  |TS  0|AC  0|TAMS 0x00000005d9600000, 0x00000005d9600000|
| 189|0x00000005d9800000, 0x00000005d9800000, 0x00000005d9a00000|  0%| F|  |TS  0|AC  0|TAMS 0x00000005d9800000, 0x00000005d9800000|
| 190|0x00000005d9a00000, 0x00000005d9a00000, 0x00000005d9c00000|  0%| F|  |TS  0|AC  0|TAMS 0x00000005d9a00000, 0x00000005d9a00000|
| 191|0x00000005d9c00000, 0x00000005d9c00000, 0x00000005d9e00000|  0%| F|  |TS  0|AC  0|TAMS 0x00000005d9c00000, 0x00000005d9c00000|
| 192|0x00000005d9e00000, 0x00000005d9e00000, 0x00000005da000000|  0%| F|  |TS  0|AC  0|TAMS 0x00000005d9e00000, 0x00000005d9e00000|
| 193|0x00000005da000000, 0x00000005da000000, 0x00000005da200000|  0%| F|  |TS  0|AC  0|TAMS 0x00000005da000000, 0x00000005da000000|
| 194|0x00000005da200000, 0x00000005da200000, 0x00000005da400000|  0%| F|  |TS  0|AC  0|TAMS 0x00000005da200000, 0x00000005da200000|
| 195|0x00000005da400000, 0x00000005da400000, 0x00000005da600000|  0%| F|  |TS  0|AC  0|TAMS 0x00000005da400000, 0x00000005da400000|
| 196|0x00000005da600000, 0x00000005da600000, 0x00000005da800000|  0%| F|  |TS  0|AC  0|TAMS 0x00000005da600000, 0x00000005da600000|
| 197|0x00000005da800000, 0x00000005da800000, 0x00000005daa00000|  0%| F|  |TS  0|AC  0|TAMS 0x00000005da800000, 0x00000005da800000|
| 198|0x00000005daa00000, 0x00000005daa00000, 0x00000005dac00000|  0%| F|  |TS  0|AC  0|TAMS 0x00000005daa00000, 0x00000005daa00000|
| 199|0x00000005dac00000, 0x00000005dac00000, 0x00000005dae00000|  0%| F|  |TS  0|AC  0|TAMS 0x00000005dac00000, 0x00000005dac00000|
| 200|0x00000005dae00000, 0x00000005dae00000, 0x00000005db000000|  0%| F|  |TS  0|AC  0|TAMS 0x00000005dae00000, 0x00000005dae00000|
| 201|0x00000005db000000, 0x00000005db000000, 0x00000005db200000|  0%| F|  |TS  0|AC  0|TAMS 0x00000005db000000, 0x00000005db000000|
| 202|0x00000005db200000, 0x00000005db200000, 0x00000005db400000|  0%| F|  |TS  0|AC  0|TAMS 0x00000005db200000, 0x00000005db200000|
| 203|0x00000005db400000, 0x00000005db400000, 0x00000005db600000|  0%| F|  |TS  0|AC  0|TAMS 0x00000005db400000, 0x00000005db400000|
| 204|0x00000005db600000, 0x00000005db600000, 0x00000005db800000|  0%| F|  |TS  0|AC  0|TAMS 0x00000005db600000, 0x00000005db600000|
| 205|0x00000005db800000, 0x00000005db800000, 0x00000005dba00000|  0%| F|  |TS  0|AC  0|TAMS 0x00000005db800000, 0x00000005db800000|
| 206|0x00000005dba00000, 0x00000005dba00000, 0x00000005dbc00000|  0%| F|  |TS  0|AC  0|TAMS 0x00000005dba00000, 0x00000005dba00000|
| 207|0x00000005dbc00000, 0x00000005dbc00000, 0x00000005dbe00000|  0%| F|  |TS  0|AC  0|TAMS 0x00000005dbc00000, 0x00000005dbc00000|
| 208|0x00000005dbe00000, 0x00000005dbe00000, 0x00000005dc000000|  0%| F|  |TS  0|AC  0|TAMS 0x00000005dbe00000, 0x00000005dbe00000|
| 209|0x00000005dc000000, 0x00000005dc000000, 0x00000005dc200000|  0%| F|  |TS  0|AC  0|TAMS 0x00000005dc000000, 0x00000005dc000000|
| 210|0x00000005dc200000, 0x00000005dc200000, 0x00000005dc400000|  0%| F|  |TS  0|AC  0|TAMS 0x00000005dc200000, 0x00000005dc200000|
| 211|0x00000005dc400000, 0x00000005dc400000, 0x00000005dc600000|  0%| F|  |TS  0|AC  0|TAMS 0x00000005dc400000, 0x00000005dc400000|
| 212|0x00000005dc600000, 0x00000005dc600000, 0x00000005dc800000|  0%| F|  |TS  0|AC  0|TAMS 0x00000005dc600000, 0x00000005dc600000|
| 213|0x00000005dc800000, 0x00000005dc800000, 0x00000005dca00000|  0%| F|  |TS  0|AC  0|TAMS 0x00000005dc800000, 0x00000005dc800000|
| 214|0x00000005dca00000, 0x00000005dca00000, 0x00000005dcc00000|  0%| F|  |TS  0|AC  0|TAMS 0x00000005dca00000, 0x00000005dca00000|
| 215|0x00000005dcc00000, 0x00000005dcc00000, 0x00000005dce00000|  0%| F|  |TS  0|AC  0|TAMS 0x00000005dcc00000, 0x00000005dcc00000|
| 216|0x00000005dce00000, 0x00000005dce00000, 0x00000005dd000000|  0%| F|  |TS  0|AC  0|TAMS 0x00000005dce00000, 0x00000005dce00000|
| 217|0x00000005dd000000, 0x00000005dd000000, 0x00000005dd200000|  0%| F|  |TS  0|AC  0|TAMS 0x00000005dd000000, 0x00000005dd000000|
| 218|0x00000005dd200000, 0x00000005dd200000, 0x00000005dd400000|  0%| F|  |TS  0|AC  0|TAMS 0x00000005dd200000, 0x00000005dd200000|
| 219|0x00000005dd400000, 0x00000005dd400000, 0x00000005dd600000|  0%| F|  |TS  0|AC  0|TAMS 0x00000005dd400000, 0x00000005dd400000|
| 220|0x00000005dd600000, 0x00000005dd600000, 0x00000005dd800000|  0%| F|  |TS  0|AC  0|TAMS 0x00000005dd600000, 0x00000005dd600000|
| 221|0x00000005dd800000, 0x00000005dd800000, 0x00000005dda00000|  0%| F|  |TS  0|AC  0|TAMS 0x00000005dd800000, 0x00000005dd800000|
| 222|0x00000005dda00000, 0x00000005dda00000, 0x00000005ddc00000|  0%| F|  |TS  0|AC  0|TAMS 0x00000005dda00000, 0x00000005dda00000|
| 223|0x00000005ddc00000, 0x00000005ddc00000, 0x00000005dde00000|  0%| F|  |TS  0|AC  0|TAMS 0x00000005ddc00000, 0x00000005ddc00000|
| 224|0x00000005dde00000, 0x00000005dde00000, 0x00000005de000000|  0%| F|  |TS  0|AC  0|TAMS 0x00000005dde00000, 0x00000005dde00000|
| 225|0x00000005de000000, 0x00000005de000000, 0x00000005de200000|  0%| F|  |TS  0|AC  0|TAMS 0x00000005de000000, 0x00000005de000000|
| 226|0x00000005de200000, 0x00000005de200000, 0x00000005de400000|  0%| F|  |TS  0|AC  0|TAMS 0x00000005de200000, 0x00000005de200000|
| 227|0x00000005de400000, 0x00000005de400000, 0x00000005de600000|  0%| F|  |TS  0|AC  0|TAMS 0x00000005de400000, 0x00000005de400000|
| 228|0x00000005de600000, 0x00000005de600000, 0x00000005de800000|  0%| F|  |TS  0|AC  0|TAMS 0x00000005de600000, 0x00000005de600000|
| 229|0x00000005de800000, 0x00000005de800000, 0x00000005dea00000|  0%| F|  |TS  0|AC  0|TAMS 0x00000005de800000, 0x00000005de800000|
| 230|0x00000005dea00000, 0x00000005dea00000, 0x00000005dec00000|  0%| F|  |TS  0|AC  0|TAMS 0x00000005dea00000, 0x00000005dea00000|
| 231|0x00000005dec00000, 0x00000005dec00000, 0x00000005dee00000|  0%| F|  |TS  0|AC  0|TAMS 0x00000005dec00000, 0x00000005dec00000|
| 232|0x00000005dee00000, 0x00000005dee00000, 0x00000005df000000|  0%| F|  |TS  0|AC  0|TAMS 0x00000005dee00000, 0x00000005dee00000|
| 233|0x00000005df000000, 0x00000005df000000, 0x00000005df200000|  0%| F|  |TS  0|AC  0|TAMS 0x00000005df000000, 0x00000005df000000|
| 234|0x00000005df200000, 0x00000005df200000, 0x00000005df400000|  0%| F|  |TS  0|AC  0|TAMS 0x00000005df200000, 0x00000005df200000|
| 235|0x00000005df400000, 0x00000005df400000, 0x00000005df600000|  0%| F|  |TS  0|AC  0|TAMS 0x00000005df400000, 0x00000005df400000|
| 236|0x00000005df600000, 0x00000005df600000, 0x00000005df800000|  0%| F|  |TS  0|AC  0|TAMS 0x00000005df600000, 0x00000005df600000|
| 237|0x00000005df800000, 0x00000005df800000, 0x00000005dfa00000|  0%| F|  |TS  0|AC  0|TAMS 0x00000005df800000, 0x00000005df800000|
| 238|0x00000005dfa00000, 0x00000005dfa00000, 0x00000005dfc00000|  0%| F|  |TS  0|AC  0|TAMS 0x00000005dfa00000, 0x00000005dfa00000|
| 239|0x00000005dfc00000, 0x00000005dfc00000, 0x00000005dfe00000|  0%| F|  |TS  0|AC  0|TAMS 0x00000005dfc00000, 0x00000005dfc00000|
| 240|0x00000005dfe00000, 0x00000005dfe00000, 0x00000005e0000000|  0%| F|  |TS  0|AC  0|TAMS 0x00000005dfe00000, 0x00000005dfe00000|
| 241|0x00000005e0000000, 0x00000005e0000000, 0x00000005e0200000|  0%| F|  |TS  0|AC  0|TAMS 0x00000005e0000000, 0x00000005e0000000|
| 242|0x00000005e0200000, 0x00000005e0200000, 0x00000005e0400000|  0%| F|  |TS  0|AC  0|TAMS 0x00000005e0200000, 0x00000005e0200000|
| 243|0x00000005e0400000, 0x00000005e0400000, 0x00000005e0600000|  0%| F|  |TS  0|AC  0|TAMS 0x00000005e0400000, 0x00000005e0400000|
| 244|0x00000005e0600000, 0x00000005e0600000, 0x00000005e0800000|  0%| F|  |TS  0|AC  0|TAMS 0x00000005e0600000, 0x00000005e0600000|
| 245|0x00000005e0800000, 0x00000005e0800000, 0x00000005e0a00000|  0%| F|  |TS  0|AC  0|TAMS 0x00000005e0800000, 0x00000005e0800000|
| 246|0x00000005e0a00000, 0x00000005e0a00000, 0x00000005e0c00000|  0%| F|  |TS  0|AC  0|TAMS 0x00000005e0a00000, 0x00000005e0a00000|
| 247|0x00000005e0c00000, 0x00000005e0c00000, 0x00000005e0e00000|  0%| F|  |TS  0|AC  0|TAMS 0x00000005e0c00000, 0x00000005e0c00000|
| 248|0x00000005e0e00000, 0x00000005e0f2ac98, 0x00000005e1000000| 58%| E|  |TS  0|AC  0|TAMS 0x00000005e0e00000, 0x00000005e0e00000|
| 249|0x00000005e1000000, 0x00000005e1200000, 0x00000005e1200000|100%| E|CS|TS  0|AC  0|TAMS 0x00000005e1000000, 0x00000005e1000000|
| 250|0x00000005e1200000, 0x00000005e1400000, 0x00000005e1400000|100%| E|CS|TS  0|AC  0|TAMS 0x00000005e1200000, 0x00000005e1200000|
| 251|0x00000005e1400000, 0x00000005e1600000, 0x00000005e1600000|100%| E|CS|TS  0|AC  0|TAMS 0x00000005e1400000, 0x00000005e1400000|
| 252|0x00000005e1600000, 0x00000005e1800000, 0x00000005e1800000|100%| E|CS|TS  0|AC  0|TAMS 0x00000005e1600000, 0x00000005e1600000|
| 253|0x00000005e1800000, 0x00000005e1a00000, 0x00000005e1a00000|100%| E|CS|TS  0|AC  0|TAMS 0x00000005e1800000, 0x00000005e1800000|
| 254|0x00000005e1a00000, 0x00000005e1c00000, 0x00000005e1c00000|100%| E|CS|TS  0|AC  0|TAMS 0x00000005e1a00000, 0x00000005e1a00000|
| 255|0x00000005e1c00000, 0x00000005e1e00000, 0x00000005e1e00000|100%| E|CS|TS  0|AC  0|TAMS 0x00000005e1c00000, 0x00000005e1c00000|

Card table byte_map: [0x0000013759070000,0x000001375a070000] byte_map_base: 0x0000013756261000

Marking Bits (Prev, Next): (CMBitMap*) 0x0000013756f97890, (CMBitMap*) 0x0000013756f978c8
 Prev Bits: [0x000001375b070000, 0x0000013762ff8000)
 Next Bits: [0x0000013763000000, 0x000001376af88000)

Polling page: 0x000001373ca60000

CodeHeap 'non-profiled nmethods': size=119168Kb used=248Kb max_used=248Kb free=118919Kb
 bounds [0x000001374e940000, 0x000001374ebb0000, 0x0000013755da0000]
CodeHeap 'profiled nmethods': size=119168Kb used=1431Kb max_used=1431Kb free=117736Kb
 bounds [0x00000137474e0000, 0x0000013747750000, 0x000001374e940000]
CodeHeap 'non-nmethods': size=7424Kb used=3245Kb max_used=3260Kb free=4178Kb
 bounds [0x0000013746da0000, 0x00000137470e0000, 0x00000137474e0000]
 total_blobs=1825 nmethods=759 adapters=819
 compilation: enabled

Compilation events (10 events):
Event: 0.483 Thread 0x000001376ee5e000  756       3       org.lwjgl.system.MemoryUtil::memPutAddress (29 bytes)
Event: 0.483 Thread 0x000001376ee67000 nmethod 750 0x0000013747641a90 code [0x0000013747641de0, 0x00000137476430a0]
Event: 0.484 Thread 0x000001376ee74000  757       1       java.lang.Integer::toUnsignedLong (7 bytes)
Event: 0.484 Thread 0x000001376ee74800 nmethod 755 0x0000013747643790 code [0x0000013747643940, 0x0000013747643a98]
Event: 0.484 Thread 0x000001376ee5e000 nmethod 756 0x0000013747643b10 code [0x0000013747643cc0, 0x0000013747643f18]
Event: 0.484 Thread 0x000001376ee74000 nmethod 757 0x000001374e97a710 code [0x000001374e97a8a0, 0x000001374e97a998]
Event: 0.484 Thread 0x000001376ee74000  758       1       sun.misc.Unsafe::putLong (11 bytes)
Event: 0.484 Thread 0x000001376ee74000 nmethod 758 0x000001374e97aa10 code [0x000001374e97abc0, 0x000001374e97acd8]
Event: 0.484 Thread 0x000001376ee5d000 nmethod 742 0x000001374e97ad90 code [0x000001374e97af40, 0x000001374e97b248]
Event: 0.486 Thread 0x000001376ee67000  759       3       java.lang.ClassLoader::checkPackageAccess (111 bytes)

GC Heap History (0 events):
No events

Deoptimization events (6 events):
Event: 0.070 Thread 0x000001373cae4800 Uncommon trap: reason=unstable_if action=reinterpret pc=0x000001374e9470ec method=java.lang.StringLatin1.indexOf([BII)I @ 23 c2
Event: 0.073 Thread 0x000001373cae4800 Uncommon trap: reason=range_check action=reinterpret pc=0x000001374e943d10 method=java.lang.StringLatin1.indexOf([BII)I @ 13 c2
Event: 0.095 Thread 0x000001373cae4800 Uncommon trap: reason=unstable_if action=reinterpret pc=0x000001374e942bf8 method=java.lang.String.isLatin1()Z @ 10 c2
Event: 0.190 Thread 0x000001373cae4800 Uncommon trap: reason=unstable_if action=reinterpret pc=0x000001374e953280 method=java.io.WinNTFileSystem.isSlash(C)Z @ 9 c2
Event: 0.196 Thread 0x000001373cae4800 Uncommon trap: reason=unstable_if action=reinterpret pc=0x000001374e951c58 method=sun.nio.fs.WindowsPathParser.isSlash(C)Z @ 9 c2
Event: 0.478 Thread 0x000001373cae4800 Uncommon trap: reason=bimorphic_or_optimized_type_check action=maybe_recompile pc=0x000001374e974058 method=java.util.HashMap.getNode(ILjava/lang/Object;)Ljava/util/HashMap$Node; @ 126 c2

Classes redefined (0 events):
No events

Internal exceptions (10 events):
Event: 0.210 Thread 0x000001373cae4800 Exception <a 'java/security/PrivilegedActionException'{0x00000005e1764430}> (0x00000005e1764430) thrown at [t:/workspace/hotspot/src/share/vm/prims/jvm.cpp, line 1310]
Event: 0.210 Thread 0x000001373cae4800 Exception <a 'java/security/PrivilegedActionException'{0x00000005e1766de0}> (0x00000005e1766de0) thrown at [t:/workspace/hotspot/src/share/vm/prims/jvm.cpp, line 1310]
Event: 0.210 Thread 0x000001373cae4800 Exception <a 'java/security/PrivilegedActionException'{0x00000005e1766ff0}> (0x00000005e1766ff0) thrown at [t:/workspace/hotspot/src/share/vm/prims/jvm.cpp, line 1310]
Event: 0.222 Thread 0x000001373cae4800 Exception <a 'sun/nio/fs/WindowsException'{0x00000005e14762b8}> (0x00000005e14762b8) thrown at [t:/workspace/hotspot/src/share/vm/prims/jni.cpp, line 604]
Event: 0.222 Thread 0x000001373cae4800 Exception <a 'sun/nio/fs/WindowsException'{0x00000005e1476668}> (0x00000005e1476668) thrown at [t:/workspace/hotspot/src/share/vm/prims/jni.cpp, line 604]
Event: 0.402 Thread 0x000001373cae4800 Exception <a 'java/lang/NoSuchMethodError'{0x00000005e14ed950}: method resolution failed> (0x00000005e14ed950) thrown at [t:/workspace/hotspot/src/share/vm/prims/methodHandles.cpp, line 1256]
Event: 0.480 Thread 0x000001373cae4800 Exception <a 'sun/nio/fs/WindowsException'{0x00000005e0e6c530}> (0x00000005e0e6c530) thrown at [t:/workspace/hotspot/src/share/vm/prims/jni.cpp, line 604]
Event: 0.480 Thread 0x000001373cae4800 Exception <a 'sun/nio/fs/WindowsException'{0x00000005e0e6c918}> (0x00000005e0e6c918) thrown at [t:/workspace/hotspot/src/share/vm/prims/jni.cpp, line 604]
Event: 0.482 Thread 0x000001373cae4800 Exception <a 'sun/nio/fs/WindowsException'{0x00000005e0e83cc0}> (0x00000005e0e83cc0) thrown at [t:/workspace/hotspot/src/share/vm/prims/jni.cpp, line 604]
Event: 0.482 Thread 0x000001373cae4800 Exception <a 'sun/nio/fs/WindowsException'{0x00000005e0e83fe0}> (0x00000005e0e83fe0) thrown at [t:/workspace/hotspot/src/share/vm/prims/jni.cpp, line 604]

Events (10 events):
Event: 0.484 loading class org/lwjgl/opengl/GL14C
Event: 0.484 loading class org/lwjgl/opengl/GL14C done
Event: 0.484 loading class org/lwjgl/opengl/GL13C
Event: 0.484 loading class org/lwjgl/opengl/GL13C done
Event: 0.484 loading class org/lwjgl/opengl/GL12C
Event: 0.484 loading class org/lwjgl/opengl/GL12C done
Event: 0.485 loading class org/lwjgl/opengl/GL11C
Event: 0.485 loading class org/lwjgl/opengl/GL11C done
Event: 0.486 loading class org/lwjgl/system/libc/LibCString
Event: 0.486 loading class org/lwjgl/system/libc/LibCString done


Dynamic libraries:
0x00007ff78c540000 - 0x00007ff78c57d000 	D:\Program Files\Java\jdk-9.0.4\bin\java.exe
0x00007ffd8c510000 - 0x00007ffd8c708000 	C:\Windows\SYSTEM32\ntdll.dll
0x00007ffd8b480000 - 0x00007ffd8b53f000 	C:\Windows\System32\KERNEL32.DLL
0x00007ffd8a020000 - 0x00007ffd8a2f2000 	C:\Windows\System32\KERNELBASE.dll
0x00007ffd8b5b0000 - 0x00007ffd8b751000 	C:\Windows\System32\USER32.dll
0x00007ffd89ff0000 - 0x00007ffd8a012000 	C:\Windows\System32\win32u.dll
0x00007ffd8a690000 - 0x00007ffd8a6bb000 	C:\Windows\System32\GDI32.dll
0x00007ffd89e40000 - 0x00007ffd89f4f000 	C:\Windows\System32\gdi32full.dll
0x00007ffd89f50000 - 0x00007ffd89fed000 	C:\Windows\System32\msvcp_win.dll
0x00007ffd8a400000 - 0x00007ffd8a500000 	C:\Windows\System32\ucrtbase.dll
0x00007ffd796b0000 - 0x00007ffd7994a000 	C:\Windows\WinSxS\amd64_microsoft.windows.common-controls_6595b64144ccf1df_6.0.19041.1110_none_60b5254171f9507e\COMCTL32.dll
0x00007ffd8bca0000 - 0x00007ffd8bd3e000 	C:\Windows\System32\msvcrt.dll
0x00007ffd8a650000 - 0x00007ffd8a682000 	C:\Windows\System32\IMM32.DLL
0x00007ffd2c640000 - 0x00007ffd2c72f000 	D:\Program Files\Java\jdk-9.0.4\bin\msvcr120.dll
0x00007ffd1b200000 - 0x00007ffd1b2a6000 	D:\Program Files\Java\jdk-9.0.4\bin\msvcp120.dll
0x000000006ff90000 - 0x000000007093e000 	D:\Program Files\Java\jdk-9.0.4\bin\server\jvm.dll
0x00007ffd8bdf0000 - 0x00007ffd8be9e000 	C:\Windows\System32\ADVAPI32.dll
0x00007ffd8bea0000 - 0x00007ffd8bf3c000 	C:\Windows\System32\sechost.dll
0x00007ffd8b020000 - 0x00007ffd8b145000 	C:\Windows\System32\RPCRT4.dll
0x00007ffd8b2c0000 - 0x00007ffd8b2c8000 	C:\Windows\System32\PSAPI.DLL
0x00007ffd81db0000 - 0x00007ffd81dd7000 	C:\Windows\SYSTEM32\WINMM.dll
0x00007ffd76990000 - 0x00007ffd76999000 	C:\Windows\SYSTEM32\WSOCK32.dll
0x00007ffd833d0000 - 0x00007ffd833da000 	C:\Windows\SYSTEM32\VERSION.dll
0x00007ffd8b540000 - 0x00007ffd8b5ab000 	C:\Windows\System32\WS2_32.dll
0x00007ffd85650000 - 0x00007ffd8565f000 	D:\Program Files\Java\jdk-9.0.4\bin\verify.dll
0x00007ffd776f0000 - 0x00007ffd77717000 	D:\Program Files\Java\jdk-9.0.4\bin\java.dll
0x00007ffd678a0000 - 0x00007ffd678d6000 	D:\Program Files\Java\jdk-9.0.4\bin\jdwp.dll
0x00007ffd751b0000 - 0x00007ffd751c6000 	D:\Program Files\Java\jdk-9.0.4\bin\zip.dll
0x00007ffd77dd0000 - 0x00007ffd77dda000 	D:\Program Files\Java\jdk-9.0.4\bin\jimage.dll
0x00007ffd8a740000 - 0x00007ffd8ae84000 	C:\Windows\System32\SHELL32.dll
0x00007ffd87ca0000 - 0x00007ffd88432000 	C:\Windows\SYSTEM32\windows.storage.dll
0x00007ffd8b940000 - 0x00007ffd8bc95000 	C:\Windows\System32\combase.dll
0x00007ffd89580000 - 0x00007ffd895b0000 	C:\Windows\SYSTEM32\Wldp.dll
0x00007ffd8bd40000 - 0x00007ffd8bded000 	C:\Windows\System32\SHCORE.dll
0x00007ffd8b760000 - 0x00007ffd8b7b5000 	C:\Windows\System32\shlwapi.dll
0x00007ffd89b40000 - 0x00007ffd89b5f000 	C:\Windows\SYSTEM32\profapi.dll
0x00007ffd6ba80000 - 0x00007ffd6ba9a000 	D:\Program Files\Java\jdk-9.0.4\bin\net.dll
0x00007ffd81e20000 - 0x00007ffd81f2c000 	C:\Windows\SYSTEM32\WINHTTP.dll
0x00007ffd892f0000 - 0x00007ffd8935a000 	C:\Windows\system32\mswsock.dll
0x00007ffd68240000 - 0x00007ffd68251000 	D:\Program Files\Java\jdk-9.0.4\bin\nio.dll
0x00007ffd776e0000 - 0x00007ffd776ea000 	D:\Program Files\Java\jdk-9.0.4\bin\dt_socket.dll
0x00007ffd62310000 - 0x00007ffd62385000 	C:\Users\Bailey Sostek\AppData\Local\Temp\lwjglBailey Sostek\3.3.1-build-7\lwjgl.dll
0x00007ffd62260000 - 0x00007ffd622c1000 	C:\Users\BAILEY~1\AppData\Local\Temp\lwjglBailey Sostek\3.3.1-build-7\glfw.dll
0x00007ffd64810000 - 0x00007ffd64855000 	C:\Windows\SYSTEM32\dinput8.dll
0x00007ffd39a20000 - 0x00007ffd39a31000 	C:\Windows\SYSTEM32\xinput1_4.dll
0x00007ffd8a500000 - 0x00007ffd8a54e000 	C:\Windows\System32\cfgmgr32.dll
0x00007ffd899b0000 - 0x00007ffd899dc000 	C:\Windows\SYSTEM32\DEVOBJ.dll
0x00007ffd877e0000 - 0x00007ffd8780f000 	C:\Windows\SYSTEM32\dwmapi.dll
0x00007ffd624e0000 - 0x00007ffd62632000 	C:\Windows\SYSTEM32\inputhost.dll
0x00007ffd8a580000 - 0x00007ffd8a64d000 	C:\Windows\System32\OLEAUT32.dll
0x00007ffd866a0000 - 0x00007ffd867f4000 	C:\Windows\SYSTEM32\wintypes.dll
0x00007ffd85740000 - 0x00007ffd85836000 	C:\Windows\SYSTEM32\PROPSYS.dll
0x00007ffd870e0000 - 0x00007ffd871d2000 	C:\Windows\SYSTEM32\CoreMessaging.dll
0x00007ffd8a300000 - 0x00007ffd8a382000 	C:\Windows\System32\bcryptPrimitives.dll
0x00007ffd86d80000 - 0x00007ffd870de000 	C:\Windows\SYSTEM32\CoreUIComponents.dll
0x00007ffd87aa0000 - 0x00007ffd87ab2000 	C:\Windows\SYSTEM32\kernel.appcore.dll
0x00007ffd88c50000 - 0x00007ffd88c83000 	C:\Windows\SYSTEM32\ntmarta.dll
0x00007ffd875d0000 - 0x00007ffd8766e000 	C:\Windows\system32\uxtheme.dll
0x00007ffd8c3b0000 - 0x00007ffd8c4c5000 	C:\Windows\System32\MSCTF.dll
0x00007ffd165d0000 - 0x00007ffd166f5000 	C:\Windows\SYSTEM32\opengl32.dll
0x00007ffd165a0000 - 0x00007ffd165cc000 	C:\Windows\SYSTEM32\GLU32.dll
0x00007ffd8b150000 - 0x00007ffd8b1ff000 	C:\Windows\System32\clbcatq.dll
0x00007ffcfadf0000 - 0x00007ffcfdfaa000 	C:\Windows\System32\DriverStore\FileRepository\nv_dispi.inf_amd64_70cfb45e19c20af4\nvoglv64.dll
0x00007ffd8bf40000 - 0x00007ffd8c3a8000 	C:\Windows\System32\SETUPAPI.dll
0x00007ffd89e10000 - 0x00007ffd89e37000 	C:\Windows\System32\bcrypt.dll
0x00007ffd8ae90000 - 0x00007ffd8afba000 	C:\Windows\System32\ole32.dll
0x00007ffd858a0000 - 0x00007ffd858b4000 	C:\Windows\SYSTEM32\WTSAPI32.dll
0x00007ffd89480000 - 0x00007ffd8948c000 	C:\Windows\SYSTEM32\CRYPTBASE.DLL
0x00007ffd897f0000 - 0x00007ffd89802000 	C:\Windows\SYSTEM32\msasn1.dll
0x00007ffd83390000 - 0x00007ffd833c1000 	C:\Windows\SYSTEM32\cryptnet.dll
0x00007ffd89c00000 - 0x00007ffd89d56000 	C:\Windows\System32\CRYPT32.dll
0x00007ffd82280000 - 0x00007ffd823c8000 	C:\Windows\SYSTEM32\drvstore.dll
0x00007ffd8a390000 - 0x00007ffd8a3f9000 	C:\Windows\System32\WINTRUST.dll
0x00007ffd834b0000 - 0x00007ffd834eb000 	C:\Windows\SYSTEM32\dxcore.dll
0x00007ffd2c350000 - 0x00007ffd2c61e000 	C:\Windows\system32\nvspcap64.dll
0x00007ffd89530000 - 0x00007ffd8957b000 	C:\Windows\SYSTEM32\powrprof.dll
0x00007ffd89510000 - 0x00007ffd89522000 	C:\Windows\SYSTEM32\UMPDC.dll
0x00007ffd891f0000 - 0x00007ffd89254000 	C:\Windows\SYSTEM32\WINSTA.dll
0x00007ffd61eb0000 - 0x00007ffd61fa9000 	C:\Windows\SYSTEM32\textinputframework.dll
0x00007ffd5d690000 - 0x00007ffd5d6ed000 	C:\Users\Bailey Sostek\AppData\Local\Temp\lwjglBailey Sostek\3.3.1-build-7\lwjgl_opengl.dll
0x00007ffd7a9b0000 - 0x00007ffd7ab94000 	C:\Windows\SYSTEM32\dbghelp.dll

VM Arguments:
jvm_args: -Djava.library.path=/natives -Dorg.lwjgl.util.Debug=true -Dorg.lwjgl.util.DebugLoader=true -agentlib:jdwp=transport=dt_socket,server=n,suspend=y,address=127.0.0.1:63841 -Dfile.encoding=windows-1252 -Duser.country=US -Duser.language=en -Duser.variant 
java_command: Apiary
java_class_path (initial): C:\Users\Bailey Sostek\IdeaProjects\Apiary\build\classes\java\main;C:\Users\Bailey Sostek\IdeaProjects\Apiary\build\resources\main;C:\Users\Bailey Sostek\.gradle\caches\modules-2\files-2.1\io.github.spair\imgui-java-app\1.86.6\b1339483eca2b41120c96c174d7ffbfffef5c8eb\imgui-java-app-1.86.6.jar;C:\Users\Bailey Sostek\.gradle\caches\modules-2\files-2.1\io.github.spair\imgui-java-lwjgl3\1.86.6\812b7cf49778d8abac910ef81c9a34ba5fde15a5\imgui-java-lwjgl3-1.86.6.jar;C:\Users\Bailey Sostek\.gradle\caches\modules-2\files-2.1\org.lwjgl\lwjgl-assimp\3.3.1\312072f451794f25670aebb0160ce6ec88aff842\lwjgl-assimp-3.3.1.jar;C:\Users\Bailey Sostek\.gradle\caches\modules-2\files-2.1\org.lwjgl\lwjgl-assimp\3.3.1\bfa2a0d57acbf952b716d0ad8a3acbd7ad9f5639\lwjgl-assimp-3.3.1-natives-windows.jar;C:\Users\Bailey Sostek\.gradle\caches\modules-2\files-2.1\org.lwjgl\lwjgl-glfw\3.3.1\cbac1b8d30cb4795149c1ef540f912671a8616d0\lwjgl-glfw-3.3.1.jar;C:\Users\Bailey Sostek\.gradle\caches\modules-2\files-2.1\org.lwjgl\lwjgl-glfw\3.3.1\ed892f945cf7e79c8756796f32d00fa4ceaf573b\lwjgl-glfw-3.3.1-natives-windows.jar;C:\Users\Bailey Sostek\.gradle\caches\modules-2\files-2.1\org.lwjgl\lwjgl-glfw\3.3.1\81716978214ecbda15050ca394b06ef61501a49e\lwjgl-glfw-3.3.1-natives-linux.jar;C:\Users\Bailey Sostek\.gradle\caches\modules-2\files-2.1\org.lwjgl\lwjgl-glfw\3.3.1\9ec4ce1fc8c85fdef03ef4ff2aace6f5775fb280\lwjgl-glfw-3.3.1-natives-macos.jar;C:\Users\Bailey Sostek\.gradle\caches\modules-2\files-2.1\org.lwjgl\lwjgl-openal\3.3.1\2623a6b8ae1dfcd880738656a9f0243d2e6840bd\lwjgl-openal-3.3.1.jar;C:\Users\Bailey Sostek\.gradle\caches\modules-2\files-2.1\org.lwjgl\lwjgl-openal\3.3.1\30a474d0e57193d7bc128849a3ab66bc9316fdb1\lwjgl-openal-3.3.1-natives-windows.jar;C:\Users\Bailey Sostek\.gradle\caches\modules-2\files-2.1\org.lwjgl\lwjgl-opengl\3.3.1\831a5533a21a5f4f81bbc51bb13e9899319b5411\lwjgl-opengl-3.3.1.jar;C:\Users\Bailey Sostek\.gradle\caches\modules-2\files-2.1\org.lwjgl\lwjgl-opengl\3.3.1\c1
Launcher Type: SUN_STANDARD

Logging:
Log output configuration:
#0: stdout all=warning uptime,level,tags
#1: stderr all=off uptime,level,tags

Environment Variables:
PATH=C:\VulkanSDK\1.3.224.0\Bin;C:\Program Files (x86)\Common Files\Oracle\Java\javapath;C:\Python310\Scripts\;C:\Python310\;C:\Windows\system32;C:\Windows;C:\Windows\System32\Wbem;C:\Windows\System32\WindowsPowerShell\v1.0\;C:\Windows\System32\OpenSSH\;C:\Program Files\nodejs\;C:\ProgramData\chocolatey\bin;C:\Program Files\dotnet\;C:\Program Files\CMake\bin;C:\Program Files\LLVM\bin;C:\Program Files\Docker\Docker\resources\bin;C:\ProgramData\DockerDesktop\version-bin;C:\Program Files\Git\cmd;C:\Program Files\Amazon\AWSCLIV2\;C:\Program Files\NVIDIA Corporation\NVIDIA NvDLISR;C:\Program Files (x86)\NVIDIA Corporation\PhysX\Common;C:\Users\Bailey Sostek\.cargo\bin;C:\Users\Bailey Sostek\AppData\Local\Microsoft\WindowsApps;C:\Users\Bailey Sostek\AppData\Local\Programs\Microsoft VS Code\bin;C:\Users\Bailey Sostek\AppData\Roaming\npm;C:\Users\Bailey Sostek\.dotnet\tools;C:\Program Files\LLVM\bin;C:\Users\Bailey Sostek\AppData\Local\GitHubDesktop\bin
USERNAME=Bailey Sostek
OS=Windows_NT
PROCESSOR_IDENTIFIER=Intel64 Family 6 Model 165 Stepping 5, GenuineIntel



---------------  S Y S T E M  ---------------

OS: Windows 10 , 64 bit Build 19041 (10.0.19041.2364)

CPU:total 20 (initial active 20) (10 cores per cpu, 2 threads per core) family 6 model 165 stepping 5, cmov, cx8, fxsr, mmx, sse, sse2, sse3, ssse3, sse4.1, sse4.2, popcnt, avx, avx2, aes, clmul, erms, 3dnowpref, lzcnt, ht, tsc, tscinvbit, bmi1, bmi2, adx, fma

Memory: 4k page, physical 33424232k(17522076k free), swap 54395752k(33981028k free)

vm_info: OpenJDK 64-Bit Server VM (9.0.4+11) for windows-amd64 JRE (9.0.4+11), built on Dec 20 2017 02:32:14 by "mach5one" with MS VC++ 12.0 (VS2013)

END.
